Using pre-set license
Built from '2020.3/staging' branch; Version is '2020.3.0f1 (c7b5465681fb) revision 13088070'; Using compiler version '192528614'; Build Type 'Release'
OS: 'Windows 10 Pro; OS build 19042.1052; Version 2009; 64bit' Language: 'pl' Physical Memory: 8052 MB
BatchMode: 1, IsHumanControllingUs: 0, StartBugReporterOnCrash: 0, Is64bit: 1, IsPro: 0

 COMMAND LINE ARGUMENTS:
C:\Program Files\Unity\Hub\Editor\2020.3.0f1\Editor\Unity.exe
-adb2
-batchMode
-noUpm
-name
AssetImportWorker0
-projectPath
C:/Users/pskar/Desktop/SESJA/1stUnityMap/1stUnityMap
-logFile
Logs/AssetImportWorker0.log
-srvPort
60494
Successfully changed project path to: C:/Users/pskar/Desktop/SESJA/1stUnityMap/1stUnityMap
C:/Users/pskar/Desktop/SESJA/1stUnityMap/1stUnityMap
Using Asset Import Pipeline V2.
Refreshing native plugins compatible for Editor in 70.74 ms, found 1 plugins.
Preloading 0 native plugins for Editor in 0.00 ms.
Initialize engine version: 2020.3.0f1 (c7b5465681fb)
[Subsystems] Discovering subsystems at path C:/Program Files/Unity/Hub/Editor/2020.3.0f1/Editor/Data/Resources/UnitySubsystems
[Subsystems] Discovering subsystems at path C:/Users/pskar/Desktop/SESJA/1stUnityMap/1stUnityMap/Assets
GfxDevice: creating device client; threaded=0
Direct3D:
    Version:  Direct3D 11.0 [level 11.0]
    Renderer: Intel(R) HD Graphics 4000 (ID=0x166)
    Vendor:   
    VRAM:     128 MB
    Driver:   10.18.10.5161
Initialize mono
Mono path[0] = 'C:/Program Files/Unity/Hub/Editor/2020.3.0f1/Editor/Data/Managed'
Mono path[1] = 'C:/Program Files/Unity/Hub/Editor/2020.3.0f1/Editor/Data/MonoBleedingEdge/lib/mono/unityjit'
Mono config path = 'C:/Program Files/Unity/Hub/Editor/2020.3.0f1/Editor/Data/MonoBleedingEdge/etc'
Using monoOptions --debugger-agent=transport=dt_socket,embedding=1,server=y,suspend=n,address=127.0.0.1:56016
Begin MonoManager ReloadAssembly
Registering precompiled unity dll's ...
Register platform support module: C:/Program Files/Unity/Hub/Editor/2020.3.0f1/Editor/Data/PlaybackEngines/WindowsStandaloneSupport/UnityEditor.WindowsStandalone.Extensions.dll
Registered in 0.002284 seconds.
Native extension for WindowsStandalone target not found
Refreshing native plugins compatible for Editor in 60.12 ms, found 1 plugins.
Preloading 0 native plugins for Editor in 0.00 ms.
Invoked RoslynAnalysisRunner static constructor.
RoslynAnalysisRunner will not be running.
RoslynAnalysisRunner has terminated.
Mono: successfully reloaded assembly
- Completed reload, in  3.230 seconds
Platform modules already initialized, skipping
Registering precompiled user dll's ...
Registered in 0.001604 seconds.
Begin MonoManager ReloadAssembly
Native extension for WindowsStandalone target not found
Refreshing native plugins compatible for Editor in 69.92 ms, found 1 plugins.
Preloading 0 native plugins for Editor in 0.00 ms.
Invoked RoslynAnalysisRunner static constructor.
RoslynAnalysisRunner will not be running.
RoslynAnalysisRunner has terminated.
Mono: successfully reloaded assembly
- Completed reload, in  1.580 seconds
Platform modules already initialized, skipping
========================================================================
Worker process is ready to serve import requests
Launched and connected shader compiler UnityShaderCompiler.exe after 0.06 seconds
Refreshing native plugins compatible for Editor in 0.76 ms, found 1 plugins.
Preloading 0 native plugins for Editor in 0.00 ms.
Unloading 1808 Unused Serialized files (Serialized files now loaded: 0)
System memory in use before: 84.8 MB.
System memory in use after: 84.7 MB.

Unloading 24 unused Assets to reduce memory usage. Loaded Objects now: 2251.
Total: 3.135300 ms (FindLiveObjects: 0.222800 ms CreateObjectMapping: 0.104300 ms MarkObjects: 2.604900 ms  DeleteObjects: 0.200500 ms)

========================================================================
Received Import Request.
  path: Assets/Pixel Adventure 1/Assets/Background/Rectangular Palette.prefab
  artifactKey: Guid(2507b89abd994fc4c80e9d719cc809d5) Importer(815301076,1909f56bfc062723c751e8b465ee728b)
Start importing Assets/Pixel Adventure 1/Assets/Background/Rectangular Palette.prefab using Guid(2507b89abd994fc4c80e9d719cc809d5) Importer(815301076,1909f56bfc062723c751e8b465ee728b)  -> (artifact id: '6dcf74d1646c928b73d6a150f17987d6') in 0.072579 seconds
  Import took 0.078907 seconds .

========================================================================
Received Import Request.
  Time since last request: 0.000275 seconds.
  path: Assets/Pixel Adventure 1/Assets/Background/Yellow.asset
  artifactKey: Guid(0112a48633eb9c54ebbb76df09c3f3d3) Importer(815301076,1909f56bfc062723c751e8b465ee728b)
Start importing Assets/Pixel Adventure 1/Assets/Background/Yellow.asset using Guid(0112a48633eb9c54ebbb76df09c3f3d3) Importer(815301076,1909f56bfc062723c751e8b465ee728b)  -> (artifact id: '69fbee446b88a1d799c317a07cb91384') in 0.085689 seconds
  Import took 0.089752 seconds .

========================================================================
Received Import Request.
  Time since last request: 60.327303 seconds.
  path: Assets/Pixel Adventure 1/Assets/Background/Yellow.png
  artifactKey: Guid(4d8c75a4d7dd2a0489270e1058d82128) Importer(815301076,1909f56bfc062723c751e8b465ee728b)
Start importing Assets/Pixel Adventure 1/Assets/Background/Yellow.png using Guid(4d8c75a4d7dd2a0489270e1058d82128) Importer(815301076,1909f56bfc062723c751e8b465ee728b)  -> (artifact id: 'd059fa377d88510f31951a29fb5d3bf4') in 0.066675 seconds
  Import took 0.072462 seconds .

========================================================================
Received Import Request.
  Time since last request: 11.604090 seconds.
  path: Assets/Pixel Adventure 1/Assets/Background/Rectangular Palette.prefab
  artifactKey: Guid(2507b89abd994fc4c80e9d719cc809d5) Importer(815301076,1909f56bfc062723c751e8b465ee728b)
Start importing Assets/Pixel Adventure 1/Assets/Background/Rectangular Palette.prefab using Guid(2507b89abd994fc4c80e9d719cc809d5) Importer(815301076,1909f56bfc062723c751e8b465ee728b)  -> (artifact id: '551292a72150213fa7dc670ae7b1a457') in 0.031772 seconds
  Import took 0.052222 seconds .

========================================================================
Received Import Request.
  Time since last request: 16.789346 seconds.
  path: Assets/Pixel Adventure 1/Assets/Background/Yellow.png
  artifactKey: Guid(4d8c75a4d7dd2a0489270e1058d82128) Importer(815301076,1909f56bfc062723c751e8b465ee728b)
Start importing Assets/Pixel Adventure 1/Assets/Background/Yellow.png using Guid(4d8c75a4d7dd2a0489270e1058d82128) Importer(815301076,1909f56bfc062723c751e8b465ee728b)  -> (artifact id: '3aac5952c50db4f9c9818acef67fe51f') in 0.026500 seconds
  Import took 0.034118 seconds .

========================================================================
Received Import Request.
  Time since last request: 15.069248 seconds.
  path: Assets/Pixel Adventure 1/Assets/Background/Rectangular Palette.prefab
  artifactKey: Guid(2507b89abd994fc4c80e9d719cc809d5) Importer(815301076,1909f56bfc062723c751e8b465ee728b)
Start importing Assets/Pixel Adventure 1/Assets/Background/Rectangular Palette.prefab using Guid(2507b89abd994fc4c80e9d719cc809d5) Importer(815301076,1909f56bfc062723c751e8b465ee728b)  -> (artifact id: '08c673b5ccbd7fa01a3097a47cfdfaab') in 0.019490 seconds
  Import took 0.025960 seconds .

========================================================================
Received Prepare
Registering precompiled user dll's ...
Registered in 0.001374 seconds.
Begin MonoManager ReloadAssembly
Native extension for WindowsStandalone target not found
Refreshing native plugins compatible for Editor in 0.51 ms, found 1 plugins.
Preloading 0 native plugins for Editor in 0.00 ms.
Invoked RoslynAnalysisRunner static constructor.
RoslynAnalysisRunner will not be running.
RoslynAnalysisRunner has terminated.
Mono: successfully reloaded assembly
- Completed reload, in  1.590 seconds
Platform modules already initialized, skipping
Refreshing native plugins compatible for Editor in 0.76 ms, found 1 plugins.
Preloading 0 native plugins for Editor in 0.00 ms.
Unloading 1803 Unused Serialized files (Serialized files now loaded: 0)
System memory in use before: 87.9 MB.
System memory in use after: 87.9 MB.

Unloading 12 unused Assets to reduce memory usage. Loaded Objects now: 2263.
Total: 8.571900 ms (FindLiveObjects: 5.618900 ms CreateObjectMapping: 0.217400 ms MarkObjects: 2.536500 ms  DeleteObjects: 0.196800 ms)

AssetImportWorkerClient::OnTransportError - code=2 error=End of file
